[        Platform] [  LOG] [07:24:04.084]  Openplanet for Trackmania Next x64
[        Platform] [ TRAC] [07:24:04.084]  (c) Melissa Geels 2016 - 2026
[        Platform] [ TRAC] [07:24:04.084]  https://openplanet.dev/
[        Platform] [  LOG] [07:24:04.084]  Openplanet starting on 2026-07-05
[        Platform] [  LOG] [07:24:04.086]  Engine: 2026-02-02 16:51:19
[        Platform] [  LOG] [07:24:04.087]  Openplanet: 1.29.5 (next, Public, 1234ad9e)
[        Platform] [ TRAC] [07:24:04.087]  Identifier: 0x000000006980D607
[        Platform] [ TRAC] [07:24:04.087]  Process ID: 1164
[        Platform] [  LOG] [07:24:04.089]  Setting up hook callbacks...
[        Platform] [  LOG] [07:24:04.909]  Semi entry initialization...
[        Platform] [  LOG] [07:24:04.909]  Loading settings
[        Platform] [  LOG] [07:24:04.910]  Update branch: default
[        Platform] [  LOG] [07:24:04.921]  Requesting app config with timeout 5000...
[        Platform] [  LOG] [07:24:06.739]  Finding game window..
[        Platform] [ TRAC] [07:24:06.740]  Window handle: 00020130 ("Trackmania")
[        Platform] [  LOG] [07:24:06.741]  Initializing meta...
[        Platform] [  LOG] [07:24:06.744]  Did not find update to install.
[     WebServices] [  LOG] [07:24:15.990]  NadeoServices account ID: a694d39f-86c2-4429-87bb-f8d505efa3b6
[        Platform] [  LOG] [07:24:17.782]  Loop entry initialization...
[        Platform] [  LOG] [07:24:17.782]  Hooking WndProc...
[        Platform] [  LOG] [07:24:17.782]  Initializing core commands...
[        Platform] [  LOG] [07:24:17.782]  Initializing sockets...
[        Platform] [  LOG] [07:24:17.782]  Adding user library path...
[        Platform] [  LOG] [07:24:17.782]  Initializing audio...
[           Audio] [  LOG] [07:24:17.784]  Setting playback device to "Speakers (PulseAudio Output)"
[        Platform] [  LOG] [07:24:17.794]  Initializing scripting...
[    ScriptEngine] [  LOG] [07:24:18.017]  Registered 2659 classes
[        Platform] [ TRAC] [07:24:18.729]  Writing type definitions to file: "C:/users/steamuser/OpenplanetNext/Openplanet.h"
[        Platform] [  LOG] [07:24:18.769]  Writing json to file: "C:/users/steamuser/OpenplanetNext/OpenplanetNext.json"
[        Platform] [  LOG] [07:24:18.794]  Dumping Openplanet documentation to C:/users/steamuser/OpenplanetNext/OpenplanetCore.json
[        Platform] [  LOG] [07:24:18.804]  Initializing overlay...
[         Overlay] [  LOG] [07:24:18.815]  Loading user style: S:/common/Trackmania/Openplanet/DefaultStyle.toml
[        Platform] [  LOG] [07:24:18.821]  Beginning script engine...
[    ScriptEngine] [  LOG] [07:24:18.825]  Adding plugins...
[    ScriptEngine] [ TRAC] [07:24:18.841]  Loaded plugin 'NadeoServices' (version 1.0)
[    ScriptEngine] [ TRAC] [07:24:18.874]  MLHook.op/:/Logging.as (29, 1) : INFO : Compiling void RenderLogsWindow()
[    ScriptEngine] [ WARN] [07:24:18.874]  MLHook.op/:/Logging.as (38, 40) : WARN : Signed/Unsigned mismatch
[    ScriptEngine] [ TRAC] [07:24:18.880]  Loaded zipped plugin 'MLHook' (version 0.5.4)
[    ScriptEngine] [ TRAC] [07:24:18.932]  MLFeedRaceData.op/:/MLFeed_ExportShared.as (279, 9) : INFO : Compiling int PlayerCpInfo::get_RoyalTA_SegmentFinishedAt(int) const
[    ScriptEngine] [ WARN] [07:24:18.932]  MLFeedRaceData.op/:/MLFeed_ExportShared.as (280, 44) : WARN : Signed/Unsigned mismatch
[    ScriptEngine] [ TRAC] [07:24:18.937]  MLFeedRaceData.op/:/Main.as (363, 9) : INFO : Compiling int _PlayerCpInfo::get_RoyalTA_SegmentFinishedAt(int) const
[    ScriptEngine] [ WARN] [07:24:18.937]  MLFeedRaceData.op/:/Main.as (364, 44) : WARN : Signed/Unsigned mismatch
[    ScriptEngine] [ TRAC] [07:24:18.958]  Loaded zipped plugin 'MLFeedRaceData' (version 0.6.4)
[    ScriptEngine] [ TRAC] [07:24:18.999]  Loaded zipped plugin 'UltimateMedalsExtended' (version 1.9)
[    ScriptEngine] [ TRAC] [07:24:19.009]  Loaded plugin 'Camera' (version 1.0)
[    ScriptEngine] [ TRAC] [07:24:19.017]  Loaded plugin 'EditorDeveloper' (version 1.0)
[    ScriptEngine] [ TRAC] [07:24:19.043]  Loaded plugin 'VehicleState' (version 1.0)
[    ScriptEngine] [ TRAC] [07:24:19.076]  Loaded zipped plugin 'Dashboard' (version 1.9.8)
[    ScriptEngine] [ TRAC] [07:24:19.082]  Loaded plugin 'Finetuner' (version 1.0)
[    ScriptEngine] [ TRAC] [07:24:19.102]  Loaded zipped plugin 'SplitSpeeds' (version 2.2.3)
[    ScriptEngine] [ TRAC] [07:24:19.107]  Loaded plugin 'InfiniteEmbedSize' (version 1.0)
[    ScriptEngine] [ TRAC] [07:24:19.119]  Loaded zipped plugin 'ak-hints' (version 0.1.9)
[    ScriptEngine] [ TRAC] [07:24:19.125]  anyghost.op/:/render.as (26, 1) : INFO : Compiling void RenderInterface()
[    ScriptEngine] [ WARN] [07:24:19.125]  anyghost.op/:/render.as (123, 51) : WARN : The operand is implicitly converted to handle in order to compare them
[    ScriptEngine] [ TRAC] [07:24:19.129]  Loaded zipped plugin 'anyghost' (version 1.4)
[    ScriptEngine] [ TRAC] [07:24:19.134]  Loaded plugin 'UsefulInformation' (version 1.0)
[    ScriptEngine] [ TRAC] [07:24:19.139]  Loaded plugin 'Stats' (version 1.0)
[    ScriptEngine] [ TRAC] [07:24:19.142]  Loaded plugin 'ClassicMenu' (version 1.1)
[    ScriptEngine] [ WARN] [07:24:19.144]  Couldn't find optional plugin dependency "ticker" while loading plugin "ChampionMedals"
[    ScriptEngine] [ TRAC] [07:24:19.178]  Loaded zipped plugin 'ChampionMedals' (version 1.22)
[   ScriptRuntime] [ TRAC] [07:24:19.347] [ghosts-pp]  Found: 89 91 04 0D 00 00 8B 05 ?? ?? ?? ?? 48 89 7C 24 28 4C 89 7C 24 20 85 C0 74 2D 8B FD 8B F0 at 0x00000001406A216A
[   ScriptRuntime] [ TRAC] [07:24:19.364] [ghosts-pp]  Found: 03 00 00 F3 0F 11 91 ?? 03 00 00 76 at 0x0000000141076A8D
[   ScriptRuntime] [ TRAC] [07:24:19.380] [ghosts-pp]  Found: CD CC 4C 3E F3 0F 11 89 ?? 03 00 00 C3 at 0x0000000141075C3D
[    ScriptEngine] [ TRAC] [07:24:19.381]  Loaded zipped plugin 'ghosts-pp' (version 0.4.8)
[    ScriptEngine] [ TRAC] [07:24:19.390]  Loaded zipped plugin 'UnintrusiveCheckpointTimer' (version 0.2.7)
[    ScriptEngine] [ TRAC] [07:24:19.487]  Loaded zipped plugin 'WarriorMedals' (version 1.12.2)
[    ScriptEngine] [ TRAC] [07:24:19.495]  Loaded plugin 'Controls' (version 1.0)
[    ScriptEngine] [ TRAC] [07:24:19.536]  Loaded plugin 'PluginManager' (version 1.0)
[    ScriptEngine] [ TRAC] [07:24:19.550]  Loaded zipped plugin 'Gear-Change-Indicator' (version 1.3)
[    ScriptEngine] [ WARN] [07:24:19.551]  Couldn't find optional plugin dependency "DuckMedals" while loading plugin "GrindingStats"
[    ScriptEngine] [ TRAC] [07:24:19.596]  Loaded zipped plugin 'GrindingStats' (version 2.1.12)
[    ScriptEngine] [ TRAC] [07:24:19.610]  Loaded plugin 'Discord' (version 1.0)
[    ScriptEngine] [ TRAC] [07:24:19.697]  Loaded zipped plugin 'DiscordRivalryPing' (version 1.2.2)
[    ScriptEngine] [ TRAC] [07:24:19.742]  Loaded zipped plugin 'Copium' (version 1.4.1)
[    ScriptEngine] [ TRAC] [07:24:19.754]  Loaded plugin 'BigDecor' (version 1.0)
[    ScriptEngine] [  LOG] [07:24:19.754]  Adding legacy plugins...
[    ScriptEngine] [ TRAC] [07:24:19.757]  Loaded legacy plugin 'Plugin_MapAudioFix' (version 1.0)
[    ScriptEngine] [  LOG] [07:24:19.758]  Plugins added!
[        Platform] [  LOG] [07:24:19.761]  Initialized!
[   ScriptRuntime] [ERROR] [07:24:19.761] [MLFeedRaceData]  DEPRECATED: awaitable.WithRunContext() is no longer valid. Use Meta::StartWithRunContext instead.
[   ScriptRuntime] [ERROR] [07:24:19.761] [MLFeedRaceData]  DEPRECATED: awaitable.WithRunContext() is no longer valid. Use Meta::StartWithRunContext instead.
[   ScriptRuntime] [  LOG] [07:24:19.789] [InfiniteEmbedSize]  Patched! Backup: "76"
[   ScriptRuntime] [ TRAC] [07:24:19.832] [ghosts-pp]  ghosts++ checking permissions
[   ScriptRuntime] [ TRAC] [07:24:19.832] [ghosts-pp]  checked permissions
[   ScriptRuntime] [ TRAC] [07:24:19.832] [ghosts-pp]  Version Compat URL: https://openplanet.dev/plugin/ghosts-pp/config/version-compat
[   ScriptRuntime] [ TRAC] [07:24:19.832] [WarriorMedals]  reading C:/users/steamuser/OpenplanetNext/PluginStorage/WarriorMedals/hidden.json
[   ScriptRuntime] [ WARN] [07:24:19.833] [WarriorMedals]  Unable to open json file 'C:/users/steamuser/OpenplanetNext/PluginStorage/WarriorMedals/hidden.json': No such file or directory
[   ScriptRuntime] [ TRAC] [07:24:19.833] [WarriorMedals]  reading C:/users/steamuser/OpenplanetNext/PluginStorage/WarriorMedals/read.json
[   ScriptRuntime] [ TRAC] [07:24:19.842] [PluginManager]  Checking for plugin updates..
[   ScriptRuntime] [  LOG] [07:24:19.842] [Discord]  Initializing Discord...
[   ScriptRuntime] [ TRAC] [07:24:19.842] [DiscordRivalryPing]  Tried to get Discord User - was not ready!
[   ScriptRuntime] [ TRAC] [07:24:19.843] [Copium]  registering UME medals
[   ScriptRuntime] [ TRAC] [07:24:19.846] [MLFeedRaceData]  registered MLHook event for type: MLHook_Event_ListUids_Pair
[   ScriptRuntime] [ TRAC] [07:24:19.846] [MLFeedRaceData]  registered MLHook event for type: MLHook_Event_ListUids_Clear
[   ScriptRuntime] [ TRAC] [07:24:19.846] [MLFeedRaceData]  registered MLHook event for type: MLHook_Event_ListUids_IsReqActive
[   ScriptRuntime] [ TRAC] [07:24:19.846] [MLFeedRaceData]  registered MLHook event for type: MLHook_Event_ListUids_SliceInfo
[   ScriptRuntime] [ TRAC] [07:24:19.846] [MLFeedRaceData]  registered MLHook event for type: MLHook_Event_ListUids_OrigMapIx
[   ScriptRuntime] [ TRAC] [07:24:19.846] [MLFeedRaceData]  registered MLHook event for type: MLHook_Event_ListUids_UidsResp
[   ScriptRuntime] [ERROR] [07:24:19.850] [UnintrusiveCheckpointTimer]  DEPRECATED: Do not use the Draw namespace anymore! GetWidth and GetHeight have moved to the Display namespace.
[   ScriptRuntime] [ERROR] [07:24:19.850] [UnintrusiveCheckpointTimer]      #0  void Internal::ReportDrawSizeDeprecation() (S:/common/Trackmania/Openplanet/Scripts/Compatibility.as line 63)
[   ScriptRuntime] [ERROR] [07:24:19.850] [UnintrusiveCheckpointTimer]      #1  int Draw::GetHeight() (S:/common/Trackmania/Openplanet/Scripts/Compatibility.as line 149)
[   ScriptRuntime] [ERROR] [07:24:19.850] [UnintrusiveCheckpointTimer]      #2  vec2 GetScreen() (UnintrusiveCheckpointTimer.op/:/CustomPos.as line 82)
[   ScriptRuntime] [ERROR] [07:24:19.850] [UnintrusiveCheckpointTimer]      #3  void RenderEarly() (UnintrusiveCheckpointTimer.op/:/CustomPos.as line 69)
[   ScriptRuntime] [ TRAC] [07:24:19.851] [NadeoServices]  Waiting for existing token request to finish
[   ScriptRuntime] [ TRAC] [07:24:19.851] [MLFeedRaceData]  registered MLHook event for type: MLHook_Event_RaceStats_PlayerCP
[   ScriptRuntime] [ TRAC] [07:24:19.851] [MLFeedRaceData]  registered MLHook event for type: MLHook_Event_RaceStats_PlayerLeft
[   ScriptRuntime] [ TRAC] [07:24:19.851] [MLFeedRaceData]  registered MLHook event for type: MLHook_Event_RaceStats_PlayerRaceTimes
[   ScriptRuntime] [ TRAC] [07:24:19.851] [MLFeedRaceData]  registered MLHook event for type: MLHook_Event_RaceStats_PlayerInfo
[   ScriptRuntime] [ TRAC] [07:24:19.851] [MLFeedRaceData]  registered MLHook event for type: MLHook_Event_RaceStats_MatchKeyPair
[   ScriptRuntime] [ TRAC] [07:24:19.851] [MLFeedRaceData]  registered MLHook event for type: MLHook_Event_RaceStats_COTDQualiInfo
[   ScriptRuntime] [ TRAC] [07:24:19.851] [MLFeedRaceData]  registered MLHook event for type: MLHook_Event_RaceStats_LapsNb
[   ScriptRuntime] [ TRAC] [07:24:19.851] [MLFeedRaceData]  registered MLHook event for type: MLHook_Event_RaceStats_Warmup
[   ScriptRuntime] [ TRAC] [07:24:19.851] [MLFeedRaceData]  registered MLHook event for type: MLHook_Event_RaceStats_PlayerRaceProgression
[   ScriptRuntime] [ TRAC] [07:24:19.852] [MLFeedRaceData]  registered MLHook event for type: MLHook_Event_MLFeedKOs_PlayerStatus
[   ScriptRuntime] [ TRAC] [07:24:19.852] [MLFeedRaceData]  registered MLHook event for type: MLHook_Event_MLFeedKOs_MatchKeyPair
[   ScriptRuntime] [ TRAC] [07:24:19.852] [MLFeedRaceData]  registered MLHook event for type: MLHook_Event_TeamsFeed_MatchKeyPair
[   ScriptRuntime] [ TRAC] [07:24:19.852] [MLFeedRaceData]  registered MLHook event for type: TMGame_Record_NewRecord
[   ScriptRuntime] [ TRAC] [07:24:19.852] [MLFeedRaceData]  registered MLHook event for type: MLHook_Event_GhostData
[   ScriptRuntime] [ TRAC] [07:24:19.852] [MLFeedRaceData]  registered MLHook event for type: MLHook_Event_GhostData_Removed
[   ScriptRuntime] [ TRAC] [07:24:19.852] [WarriorMedals]  using existing token...
[   ScriptRuntime] [ TRAC] [07:24:20.344] [DiscordRivalryPing]  Tried to get Discord User - was not ready!
[   ScriptRuntime] [ TRAC] [07:24:20.850] [DiscordRivalryPing]  Tried to get Discord User - was not ready!
[   ScriptRuntime] [ TRAC] [07:24:21.354] [DiscordRivalryPing]  Tried to get Discord User - was not ready!
[   ScriptRuntime] [ TRAC] [07:24:21.496] [WarriorMedals]  configs: 4
[   ScriptRuntime] [ TRAC] [07:24:21.496] [WarriorMedals]  existing token valid :)
[   ScriptRuntime] [ TRAC] [07:24:21.504] [WarriorMedals]  registering UME medal
[   ScriptRuntime] [ TRAC] [07:24:21.504] [WarriorMedals]  getting all map infos
[   ScriptRuntime] [ TRAC] [07:24:21.588] [PluginManager]  No plugin updates found!
[   ScriptRuntime] [ TRAC] [07:24:21.854] [DiscordRivalryPing]  Tried to get Discord User - was not ready!
[   ScriptRuntime] [ TRAC] [07:24:21.929] [ghosts-pp]  Got GameVersionSafe status: false
[   ScriptRuntime] [ WARN] [07:24:21.929] [ghosts-pp]  Game version (2026-02-02_17_51) not marked as compatible with this version of the plugin -- will be inactive!
[   ScriptRuntime] [ WARN] [07:24:21.929] [ghosts-pp]  
[   ScriptRuntime] [ WARN] [07:24:21.929] [ghosts-pp]  Checking new versions is a manual process and avoids crashing your game after an update.
[   ScriptRuntime] [ TRAC] [07:24:22.354] [DiscordRivalryPing]  Tried to get Discord User - was not ready!
[   ScriptRuntime] [ TRAC] [07:24:22.854] [DiscordRivalryPing]  Tried to get Discord User - was not ready!
[   ScriptRuntime] [ TRAC] [07:24:23.359] [DiscordRivalryPing]  Tried to get Discord User - was not ready!
[   ScriptRuntime] [ TRAC] [07:24:23.570] [WarriorMedals]  next request: 2026-07-05 20:00:00
[   ScriptRuntime] [ TRAC] [07:24:23.698] [WarriorMedals]  got all map infos after 2194ms
[   ScriptRuntime] [ TRAC] [07:24:23.698] [WarriorMedals]  reading PBs from file
[   ScriptRuntime] [ TRAC] [07:24:23.702] [WarriorMedals]  read all PBs (254) after 4ms
[   ScriptRuntime] [ TRAC] [07:24:23.702] [WarriorMedals]  building campaigns
[   ScriptRuntime] [ TRAC] [07:24:23.739] [WarriorMedals]  building campaigns done after 37ms
[   ScriptRuntime] [ TRAC] [07:24:23.739] [WarriorMedals]  sorting campaigns and maps
[   ScriptRuntime] [ TRAC] [07:24:23.815] [WarriorMedals]  sorting campaigns and maps done after 76ms
[   ScriptRuntime] [ TRAC] [07:24:23.815] [WarriorMedals]  setting totals
[   ScriptRuntime] [ TRAC] [07:24:23.827] [WarriorMedals]  setting totals done after 12ms
[   ScriptRuntime] [ TRAC] [07:24:23.860] [DiscordRivalryPing]  Tried to get Discord User - was not ready!
[   ScriptRuntime] [ TRAC] [07:24:24.370] [DiscordRivalryPing]  Tried to get Discord User - was not ready!
[   ScriptRuntime] [ TRAC] [07:24:24.870] [NadeoServices]  Requesting token for audience "NadeoLiveServices"
[   ScriptRuntime] [ TRAC] [07:24:25.195] [NadeoServices]  Got token for audience "NadeoLiveServices"
[        Platform] [  LOG] [07:25:05.805]  Game is cleanly shutting down
[        Platform] [  LOG] [07:25:05.805]  Saving settings
[           Audio] [  LOG] [07:25:05.806]  Shutting down audio engine
[    ScriptEngine] [  LOG] [07:25:05.813]  Stopping script engine
[    ScriptEngine] [ TRAC] [07:25:05.814]  Unloading plugin 'Plugin_MapAudioFix'
[    ScriptEngine] [ TRAC] [07:25:05.819]  Unloading plugin 'BigDecor'
[    ScriptEngine] [ TRAC] [07:25:05.831]  Unloading plugin 'Copium'
[    ScriptEngine] [ TRAC] [07:25:05.844]  Unloading plugin 'DiscordRivalryPing'
[    ScriptEngine] [ TRAC] [07:25:05.889]  Unloading plugin 'Discord'
[    ScriptEngine] [ TRAC] [07:25:05.913]  Unloading plugin 'GrindingStats'
[    ScriptEngine] [ TRAC] [07:25:05.956]  Unloading plugin 'Gear-Change-Indicator'
[    ScriptEngine] [ TRAC] [07:25:05.964]  Unloading plugin 'PluginManager'
[    ScriptEngine] [ TRAC] [07:25:05.993]  Unloading plugin 'Controls'
[    ScriptEngine] [ TRAC] [07:25:06.001]  Unloading plugin 'WarriorMedals'
[    ScriptEngine] [ TRAC] [07:25:06.034]  Unloading plugin 'UnintrusiveCheckpointTimer'
[    ScriptEngine] [ TRAC] [07:25:06.036]  Unloading plugin 'ghosts-pp'
[    ScriptEngine] [ TRAC] [07:25:06.104]  Unloading plugin 'ChampionMedals'
[    ScriptEngine] [ TRAC] [07:25:06.132]  Unloading plugin 'ClassicMenu'
[    ScriptEngine] [ TRAC] [07:25:06.132]  Unloading plugin 'Stats'
[    ScriptEngine] [ TRAC] [07:25:06.134]  Unloading plugin 'UsefulInformation'
[    ScriptEngine] [ TRAC] [07:25:06.134]  Unloading plugin 'anyghost'
[    ScriptEngine] [ TRAC] [07:25:06.137]  Unloading plugin 'ak-hints'
[    ScriptEngine] [ TRAC] [07:25:06.139]  Unloading plugin 'InfiniteEmbedSize'
[   ScriptRuntime] [  LOG] [07:25:06.139] [InfiniteEmbedSize]  Patch reverted!
[    ScriptEngine] [ TRAC] [07:25:06.140]  Unloading plugin 'SplitSpeeds'
[    ScriptEngine] [ TRAC] [07:25:06.141]  Unloading plugin 'Finetuner'
[    ScriptEngine] [ TRAC] [07:25:06.142]  Unloading plugin 'Dashboard'
[    ScriptEngine] [ TRAC] [07:25:06.158]  Unloading plugin 'VehicleState'
[    ScriptEngine] [ TRAC] [07:25:06.159]  Unloading plugin 'EditorDeveloper'
[    ScriptEngine] [ TRAC] [07:25:06.162]  Unloading plugin 'Camera'
[    ScriptEngine] [ TRAC] [07:25:06.162]  Unloading plugin 'UltimateMedalsExtended'
[    ScriptEngine] [ TRAC] [07:25:06.172]  Unloading plugin 'MLFeedRaceData'
[   ScriptRuntime] [ TRAC] [07:25:06.172] [MLFeedRaceData]  _Unload, unloading hooks and removing injected ML
[   ScriptRuntime] [ TRAC] [07:25:06.172] [MLFeedRaceData]  UnregisteredMLHook objects (6) for types: MLHook_Event_ListUids_SliceInfo, MLHook_Event_ListUids_Pair, MLHook_Event_ListUids_Clear, MLHook_Event_ListUids_OrigMapIx, MLHook_Event_ListUids_IsReqActive, MLHook_Event_ListUids_UidsResp
[   ScriptRuntime] [ TRAC] [07:25:06.172] [MLFeedRaceData]  UnregisteredMLHook objects (9) for types: MLHook_Event_RaceStats_PlayerCP, MLHook_Event_RaceStats_PlayerLeft, MLHook_Event_RaceStats_PlayerRaceTimes, MLHook_Event_RaceStats_PlayerInfo, MLHook_Event_RaceStats_MatchKeyPair, MLHook_Event_RaceStats_COTDQualiInfo, MLHook_Event_RaceStats_LapsNb, MLHook_Event_RaceStats_Warmup, MLHook_Event_RaceStats_PlayerRaceProgression
[   ScriptRuntime] [ TRAC] [07:25:06.172] [MLFeedRaceData]  UnregisteredMLHook objects (2) for types: MLHook_Event_MLFeedKOs_PlayerStatus, MLHook_Event_MLFeedKOs_MatchKeyPair
[   ScriptRuntime] [ TRAC] [07:25:06.173] [MLFeedRaceData]  UnregisteredMLHook objects (1) for types: MLHook_Event_TeamsFeed_MatchKeyPair
[   ScriptRuntime] [ TRAC] [07:25:06.173] [MLFeedRaceData]  UnregisteredMLHook objects (1) for types: TMGame_Record_NewRecord
[   ScriptRuntime] [ TRAC] [07:25:06.173] [MLFeedRaceData]  UnregisteredMLHook objects (2) for types: MLHook_Event_GhostData, MLHook_Event_GhostData_Removed
[    ScriptEngine] [ TRAC] [07:25:06.228]  Unloading plugin 'MLHook'
[    ScriptEngine] [ TRAC] [07:25:06.238]  Unloading plugin 'NadeoServices'
[    ScriptEngine] [  LOG] [07:25:06.241]  Releasing script context
[        Platform] [  LOG] [07:25:09.712]  Saving settings
[           Audio] [  LOG] [07:25:09.712]  Shutting down audio engine
[    ScriptEngine] [  LOG] [07:25:09.712]  Stopping script engine
[    ScriptEngine] [  LOG] [07:25:09.712]  Releasing script context
[        Platform] [  LOG] [07:25:09.712]  Terminating Openplanet..
[           Audio] [  LOG] [07:25:09.712]  Shutting down audio engine
[    ScriptEngine] [ERROR] [07:25:09.712]   (0, 0) :  ERR : Object {156}. GC cannot destroy an object of type 'dictionary' as it can't see all references. Current ref count is 1.
