[        Platform] [  LOG] [07:11:30.142]  Openplanet for Trackmania Next x64
[        Platform] [ TRAC] [07:11:30.142]  (c) Melissa Geels 2016 - 2026
[        Platform] [ TRAC] [07:11:30.142]  https://openplanet.dev/
[        Platform] [  LOG] [07:11:30.142]  Openplanet starting on 2026-07-05
[        Platform] [  LOG] [07:11:30.144]  Engine: 2026-02-02 16:51:19
[        Platform] [  LOG] [07:11:30.144]  Openplanet: 1.29.5 (next, Public, 1234ad9e)
[        Platform] [ TRAC] [07:11:30.144]  Identifier: 0x000000006980D607
[        Platform] [ TRAC] [07:11:30.144]  Process ID: 1180
[        Platform] [  LOG] [07:11:30.146]  Setting up hook callbacks...
[        Platform] [  LOG] [07:11:30.990]  Semi entry initialization...
[        Platform] [  LOG] [07:11:30.990]  Loading settings
[        Platform] [  LOG] [07:11:30.990]  Update branch: default
[        Platform] [  LOG] [07:11:31.001]  Requesting app config with timeout 5000...
[        Platform] [  LOG] [07:11:33.053]  Did not find update to install.
[        Platform] [  LOG] [07:11:33.339]  Finding game window..
[        Platform] [ TRAC] [07:11:33.339]  Window handle: 00020130 ("Trackmania")
[        Platform] [  LOG] [07:11:33.341]  Initializing meta...
[     WebServices] [  LOG] [07:11:42.885]  NadeoServices account ID: a694d39f-86c2-4429-87bb-f8d505efa3b6
[        Platform] [  LOG] [07:11:45.207]  Loop entry initialization...
[        Platform] [  LOG] [07:11:45.207]  Hooking WndProc...
[        Platform] [  LOG] [07:11:45.207]  Initializing core commands...
[        Platform] [  LOG] [07:11:45.207]  Initializing sockets...
[        Platform] [  LOG] [07:11:45.207]  Adding user library path...
[        Platform] [  LOG] [07:11:45.207]  Initializing audio...
[           Audio] [  LOG] [07:11:45.209]  Setting playback device to "Speakers (PulseAudio Output)"
[        Platform] [  LOG] [07:11:45.219]  Initializing scripting...
[    ScriptEngine] [  LOG] [07:11:45.441]  Registered 2659 classes
[        Platform] [ TRAC] [07:11:46.121]  Writing type definitions to file: "C:/users/steamuser/OpenplanetNext/Openplanet.h"
[        Platform] [  LOG] [07:11:46.161]  Writing json to file: "C:/users/steamuser/OpenplanetNext/OpenplanetNext.json"
[        Platform] [  LOG] [07:11:46.184]  Dumping Openplanet documentation to C:/users/steamuser/OpenplanetNext/OpenplanetCore.json
[        Platform] [  LOG] [07:11:46.194]  Initializing overlay...
[         Overlay] [  LOG] [07:11:46.202]  Loading user style: S:/common/Trackmania/Openplanet/DefaultStyle.toml
[        Platform] [  LOG] [07:11:46.207]  Beginning script engine...
[    ScriptEngine] [  LOG] [07:11:46.211]  Adding plugins...
[    ScriptEngine] [ TRAC] [07:11:46.226]  Loaded plugin 'NadeoServices' (version 1.0)
[    ScriptEngine] [ TRAC] [07:11:46.255]  MLHook.op/:/Logging.as (29, 1) : INFO : Compiling void RenderLogsWindow()
[    ScriptEngine] [ WARN] [07:11:46.255]  MLHook.op/:/Logging.as (38, 40) : WARN : Signed/Unsigned mismatch
[    ScriptEngine] [ TRAC] [07:11:46.262]  Loaded zipped plugin 'MLHook' (version 0.5.4)
[    ScriptEngine] [ TRAC] [07:11:46.309]  MLFeedRaceData.op/:/MLFeed_ExportShared.as (279, 9) : INFO : Compiling int PlayerCpInfo::get_RoyalTA_SegmentFinishedAt(int) const
[    ScriptEngine] [ WARN] [07:11:46.309]  MLFeedRaceData.op/:/MLFeed_ExportShared.as (280, 44) : WARN : Signed/Unsigned mismatch
[    ScriptEngine] [ TRAC] [07:11:46.313]  MLFeedRaceData.op/:/Main.as (363, 9) : INFO : Compiling int _PlayerCpInfo::get_RoyalTA_SegmentFinishedAt(int) const
[    ScriptEngine] [ WARN] [07:11:46.313]  MLFeedRaceData.op/:/Main.as (364, 44) : WARN : Signed/Unsigned mismatch
[    ScriptEngine] [ TRAC] [07:11:46.332]  Loaded zipped plugin 'MLFeedRaceData' (version 0.6.4)
[    ScriptEngine] [ TRAC] [07:11:46.368]  Loaded zipped plugin 'UltimateMedalsExtended' (version 1.9)
[    ScriptEngine] [ TRAC] [07:11:46.372]  Loaded plugin 'Camera' (version 1.0)
[    ScriptEngine] [ TRAC] [07:11:46.377]  Loaded plugin 'EditorDeveloper' (version 1.0)
[    ScriptEngine] [ TRAC] [07:11:46.397]  Loaded plugin 'VehicleState' (version 1.0)
[    ScriptEngine] [ TRAC] [07:11:46.429]  Loaded zipped plugin 'Dashboard' (version 1.9.8)
[    ScriptEngine] [ TRAC] [07:11:46.436]  Loaded plugin 'Finetuner' (version 1.0)
[    ScriptEngine] [ TRAC] [07:11:46.458]  Loaded zipped plugin 'SplitSpeeds' (version 2.2.3)
[    ScriptEngine] [ TRAC] [07:11:46.464]  Loaded plugin 'InfiniteEmbedSize' (version 1.0)
[    ScriptEngine] [ TRAC] [07:11:46.477]  Loaded zipped plugin 'ak-hints' (version 0.1.9)
[    ScriptEngine] [ TRAC] [07:11:46.485]  anyghost.op/:/render.as (26, 1) : INFO : Compiling void RenderInterface()
[    ScriptEngine] [ WARN] [07:11:46.485]  anyghost.op/:/render.as (123, 51) : WARN : The operand is implicitly converted to handle in order to compare them
[    ScriptEngine] [ TRAC] [07:11:46.489]  Loaded zipped plugin 'anyghost' (version 1.4)
[    ScriptEngine] [ TRAC] [07:11:46.495]  Loaded plugin 'UsefulInformation' (version 1.0)
[    ScriptEngine] [ TRAC] [07:11:46.500]  Loaded plugin 'Stats' (version 1.0)
[    ScriptEngine] [ TRAC] [07:11:46.503]  Loaded plugin 'ClassicMenu' (version 1.1)
[    ScriptEngine] [ WARN] [07:11:46.504]  Couldn't find optional plugin dependency "ticker" while loading plugin "ChampionMedals"
[    ScriptEngine] [ TRAC] [07:11:46.540]  Loaded zipped plugin 'ChampionMedals' (version 1.22)
[   ScriptRuntime] [ TRAC] [07:11:46.723] [ghosts-pp]  Found: 89 91 04 0D 00 00 8B 05 ?? ?? ?? ?? 48 89 7C 24 28 4C 89 7C 24 20 85 C0 74 2D 8B FD 8B F0 at 0x00000001406A216A
[   ScriptRuntime] [ TRAC] [07:11:46.738] [ghosts-pp]  Found: 03 00 00 F3 0F 11 91 ?? 03 00 00 76 at 0x0000000141076A8D
[   ScriptRuntime] [ TRAC] [07:11:46.753] [ghosts-pp]  Found: CD CC 4C 3E F3 0F 11 89 ?? 03 00 00 C3 at 0x0000000141075C3D
[    ScriptEngine] [ TRAC] [07:11:46.754]  Loaded zipped plugin 'ghosts-pp' (version 0.4.8)
[    ScriptEngine] [ TRAC] [07:11:46.764]  Loaded zipped plugin 'UnintrusiveCheckpointTimer' (version 0.2.7)
[    ScriptEngine] [ TRAC] [07:11:46.862]  Loaded zipped plugin 'WarriorMedals' (version 1.12.2)
[    ScriptEngine] [ TRAC] [07:11:46.869]  Loaded plugin 'Controls' (version 1.0)
[    ScriptEngine] [ TRAC] [07:11:46.905]  Loaded plugin 'PluginManager' (version 1.0)
[    ScriptEngine] [ TRAC] [07:11:46.915]  Loaded zipped plugin 'Gear-Change-Indicator' (version 1.3)
[    ScriptEngine] [ WARN] [07:11:46.916]  Couldn't find optional plugin dependency "DuckMedals" while loading plugin "GrindingStats"
[    ScriptEngine] [ TRAC] [07:11:46.961]  Loaded zipped plugin 'GrindingStats' (version 2.1.12)
[    ScriptEngine] [ TRAC] [07:11:46.974]  Loaded plugin 'Discord' (version 1.0)
[    ScriptEngine] [ TRAC] [07:11:47.068]  Loaded zipped plugin 'DiscordRivalryPing' (version 1.2.2)
[    ScriptEngine] [ TRAC] [07:11:47.117]  Loaded zipped plugin 'Copium' (version 1.4.1)
[    ScriptEngine] [ TRAC] [07:11:47.129]  Loaded plugin 'BigDecor' (version 1.0)
[    ScriptEngine] [  LOG] [07:11:47.130]  Adding legacy plugins...
[    ScriptEngine] [ TRAC] [07:11:47.133]  Loaded legacy plugin 'Plugin_MapAudioFix' (version 1.0)
[    ScriptEngine] [  LOG] [07:11:47.133]  Plugins added!
[        Platform] [  LOG] [07:11:47.137]  Initialized!
[   ScriptRuntime] [ERROR] [07:11:47.137] [MLFeedRaceData]  DEPRECATED: awaitable.WithRunContext() is no longer valid. Use Meta::StartWithRunContext instead.
[   ScriptRuntime] [ERROR] [07:11:47.137] [MLFeedRaceData]  DEPRECATED: awaitable.WithRunContext() is no longer valid. Use Meta::StartWithRunContext instead.
[   ScriptRuntime] [  LOG] [07:11:47.161] [InfiniteEmbedSize]  Patched! Backup: "76"
[   ScriptRuntime] [ TRAC] [07:11:47.201] [ghosts-pp]  ghosts++ checking permissions
[   ScriptRuntime] [ TRAC] [07:11:47.201] [ghosts-pp]  checked permissions
[   ScriptRuntime] [ TRAC] [07:11:47.201] [ghosts-pp]  Version Compat URL: https://openplanet.dev/plugin/ghosts-pp/config/version-compat
[   ScriptRuntime] [ TRAC] [07:11:47.201] [WarriorMedals]  reading C:/users/steamuser/OpenplanetNext/PluginStorage/WarriorMedals/hidden.json
[   ScriptRuntime] [ WARN] [07:11:47.201] [WarriorMedals]  Unable to open json file 'C:/users/steamuser/OpenplanetNext/PluginStorage/WarriorMedals/hidden.json': No such file or directory
[   ScriptRuntime] [ TRAC] [07:11:47.201] [WarriorMedals]  reading C:/users/steamuser/OpenplanetNext/PluginStorage/WarriorMedals/read.json
[   ScriptRuntime] [ TRAC] [07:11:47.210] [PluginManager]  Checking for plugin updates..
[   ScriptRuntime] [  LOG] [07:11:47.210] [Discord]  Initializing Discord...
[   ScriptRuntime] [ TRAC] [07:11:47.210] [DiscordRivalryPing]  Tried to get Discord User - was not ready!
[   ScriptRuntime] [ TRAC] [07:11:47.211] [Copium]  registering UME medals
[   ScriptRuntime] [ TRAC] [07:11:47.214] [MLFeedRaceData]  registered MLHook event for type: MLHook_Event_ListUids_Pair
[   ScriptRuntime] [ TRAC] [07:11:47.214] [MLFeedRaceData]  registered MLHook event for type: MLHook_Event_ListUids_Clear
[   ScriptRuntime] [ TRAC] [07:11:47.214] [MLFeedRaceData]  registered MLHook event for type: MLHook_Event_ListUids_IsReqActive
[   ScriptRuntime] [ TRAC] [07:11:47.214] [MLFeedRaceData]  registered MLHook event for type: MLHook_Event_ListUids_SliceInfo
[   ScriptRuntime] [ TRAC] [07:11:47.214] [MLFeedRaceData]  registered MLHook event for type: MLHook_Event_ListUids_OrigMapIx
[   ScriptRuntime] [ TRAC] [07:11:47.214] [MLFeedRaceData]  registered MLHook event for type: MLHook_Event_ListUids_UidsResp
[   ScriptRuntime] [ERROR] [07:11:47.219] [UnintrusiveCheckpointTimer]  DEPRECATED: Do not use the Draw namespace anymore! GetWidth and GetHeight have moved to the Display namespace.
[   ScriptRuntime] [ERROR] [07:11:47.219] [UnintrusiveCheckpointTimer]      #0  void Internal::ReportDrawSizeDeprecation() (S:/common/Trackmania/Openplanet/Scripts/Compatibility.as line 63)
[   ScriptRuntime] [ERROR] [07:11:47.219] [UnintrusiveCheckpointTimer]      #1  int Draw::GetHeight() (S:/common/Trackmania/Openplanet/Scripts/Compatibility.as line 149)
[   ScriptRuntime] [ERROR] [07:11:47.219] [UnintrusiveCheckpointTimer]      #2  vec2 GetScreen() (UnintrusiveCheckpointTimer.op/:/CustomPos.as line 82)
[   ScriptRuntime] [ERROR] [07:11:47.219] [UnintrusiveCheckpointTimer]      #3  void RenderEarly() (UnintrusiveCheckpointTimer.op/:/CustomPos.as line 69)
[   ScriptRuntime] [ TRAC] [07:11:47.220] [NadeoServices]  Waiting for existing token request to finish
[   ScriptRuntime] [ TRAC] [07:11:47.220] [MLFeedRaceData]  registered MLHook event for type: MLHook_Event_RaceStats_PlayerCP
[   ScriptRuntime] [ TRAC] [07:11:47.220] [MLFeedRaceData]  registered MLHook event for type: MLHook_Event_RaceStats_PlayerLeft
[   ScriptRuntime] [ TRAC] [07:11:47.220] [MLFeedRaceData]  registered MLHook event for type: MLHook_Event_RaceStats_PlayerRaceTimes
[   ScriptRuntime] [ TRAC] [07:11:47.220] [MLFeedRaceData]  registered MLHook event for type: MLHook_Event_RaceStats_PlayerInfo
[   ScriptRuntime] [ TRAC] [07:11:47.220] [MLFeedRaceData]  registered MLHook event for type: MLHook_Event_RaceStats_MatchKeyPair
[   ScriptRuntime] [ TRAC] [07:11:47.220] [MLFeedRaceData]  registered MLHook event for type: MLHook_Event_RaceStats_COTDQualiInfo
[   ScriptRuntime] [ TRAC] [07:11:47.220] [MLFeedRaceData]  registered MLHook event for type: MLHook_Event_RaceStats_LapsNb
[   ScriptRuntime] [ TRAC] [07:11:47.220] [MLFeedRaceData]  registered MLHook event for type: MLHook_Event_RaceStats_Warmup
[   ScriptRuntime] [ TRAC] [07:11:47.220] [MLFeedRaceData]  registered MLHook event for type: MLHook_Event_RaceStats_PlayerRaceProgression
[   ScriptRuntime] [ TRAC] [07:11:47.220] [MLFeedRaceData]  registered MLHook event for type: MLHook_Event_MLFeedKOs_PlayerStatus
[   ScriptRuntime] [ TRAC] [07:11:47.220] [MLFeedRaceData]  registered MLHook event for type: MLHook_Event_MLFeedKOs_MatchKeyPair
[   ScriptRuntime] [ TRAC] [07:11:47.220] [MLFeedRaceData]  registered MLHook event for type: MLHook_Event_TeamsFeed_MatchKeyPair
[   ScriptRuntime] [ TRAC] [07:11:47.220] [MLFeedRaceData]  registered MLHook event for type: TMGame_Record_NewRecord
[   ScriptRuntime] [ TRAC] [07:11:47.220] [MLFeedRaceData]  registered MLHook event for type: MLHook_Event_GhostData
[   ScriptRuntime] [ TRAC] [07:11:47.220] [MLFeedRaceData]  registered MLHook event for type: MLHook_Event_GhostData_Removed
[   ScriptRuntime] [ TRAC] [07:11:47.221] [WarriorMedals]  using existing token...
[   ScriptRuntime] [ TRAC] [07:11:47.712] [DiscordRivalryPing]  Tried to get Discord User - was not ready!
[   ScriptRuntime] [ TRAC] [07:11:48.221] [DiscordRivalryPing]  Tried to get Discord User - was not ready!
[   ScriptRuntime] [ TRAC] [07:11:48.528] [WarriorMedals]  configs: 4
[   ScriptRuntime] [ TRAC] [07:11:48.528] [WarriorMedals]  existing token valid :)
[   ScriptRuntime] [ TRAC] [07:11:48.536] [WarriorMedals]  registering UME medal
[   ScriptRuntime] [ TRAC] [07:11:48.536] [WarriorMedals]  getting all map infos
[   ScriptRuntime] [ TRAC] [07:11:48.728] [DiscordRivalryPing]  Tried to get Discord User - was not ready!
[   ScriptRuntime] [ TRAC] [07:11:48.965] [PluginManager]  No plugin updates found!
[   ScriptRuntime] [ TRAC] [07:11:49.098] [ghosts-pp]  Got GameVersionSafe status: false
[   ScriptRuntime] [ WARN] [07:11:49.098] [ghosts-pp]  Game version (2026-02-02_17_51) not marked as compatible with this version of the plugin -- will be inactive!
[   ScriptRuntime] [ WARN] [07:11:49.098] [ghosts-pp]  
[   ScriptRuntime] [ WARN] [07:11:49.098] [ghosts-pp]  Checking new versions is a manual process and avoids crashing your game after an update.
[   ScriptRuntime] [ TRAC] [07:11:49.231] [DiscordRivalryPing]  Tried to get Discord User - was not ready!
[   ScriptRuntime] [ TRAC] [07:11:49.740] [DiscordRivalryPing]  Tried to get Discord User - was not ready!
[   ScriptRuntime] [ TRAC] [07:11:50.231] [NadeoServices]  Requesting token for audience "NadeoLiveServices"
[   ScriptRuntime] [ TRAC] [07:11:50.248] [DiscordRivalryPing]  Tried to get Discord User - was not ready!
[   ScriptRuntime] [ TRAC] [07:11:50.488] [WarriorMedals]  next request: 2026-07-05 20:00:00
[   ScriptRuntime] [ TRAC] [07:11:50.580] [NadeoServices]  Got token for audience "NadeoLiveServices"
[   ScriptRuntime] [ TRAC] [07:11:50.603] [WarriorMedals]  got all map infos after 2068ms
[   ScriptRuntime] [ TRAC] [07:11:50.604] [WarriorMedals]  reading PBs from file
[   ScriptRuntime] [ TRAC] [07:11:50.608] [WarriorMedals]  read all PBs (254) after 4ms
[   ScriptRuntime] [ TRAC] [07:11:50.608] [WarriorMedals]  building campaigns
[   ScriptRuntime] [ TRAC] [07:11:50.637] [WarriorMedals]  building campaigns done after 29ms
[   ScriptRuntime] [ TRAC] [07:11:50.637] [WarriorMedals]  sorting campaigns and maps
[   ScriptRuntime] [ TRAC] [07:11:50.683] [WarriorMedals]  sorting campaigns and maps done after 46ms
[   ScriptRuntime] [ TRAC] [07:11:50.683] [WarriorMedals]  setting totals
[   ScriptRuntime] [ TRAC] [07:11:50.692] [WarriorMedals]  setting totals done after 9ms
[   ScriptRuntime] [ TRAC] [07:11:50.749] [DiscordRivalryPing]  Tried to get Discord User - was not ready!
[   ScriptRuntime] [ TRAC] [07:11:51.249] [DiscordRivalryPing]  Tried to get Discord User - was not ready!
[   ScriptRuntime] [ TRAC] [07:11:51.757] [DiscordRivalryPing]  Tried to get Discord User - was not ready!
[   ScriptRuntime] [ TRAC] [07:12:43.277] [MLFeedRaceData]  MLFeedKOs: GM change from:  to TM_Campaign_Local
[   ScriptRuntime] [  LOG] [07:12:45.417] [GrindingStats]  Loading data & starting coroutines for map "tjrtqANqzvTY8ncCAjnzu5JkgCi"
[   ScriptRuntime] [  LOG] [07:12:45.418] [GrindingStats]  Read finishes 1 resets 3 time 212409 respawns 33
[   ScriptRuntime] [  LOG] [07:12:45.418] [GrindingStats]  medals [{"medal":0,"achieved":false,"achieved_time":"          0"},{"medal":1,"achieved":false,"achieved_time":"          0"},{"medal":2,"achieved":false,"achieved_time":"          0"},{"medal":3,"achieved":false,"achieved_time":"          0"},{"medal":4,"achieved":false,"achieved_time":"          0"},{"medal":5,"achieved":false,"achieved_time":"          0"}]
[   ScriptRuntime] [  LOG] [07:12:45.418] [GrindingStats]  from C:/users/steamuser/OpenplanetNext/PluginStorage/GrindingStats/data/tjrtqANqzvTY8ncCAjnzu5JkgCi.json
[   ScriptRuntime] [  LOG] [07:12:46.039] [UltimateMedalsExtended]  Wrote finishes 1 resets 3 time 212409 respawns 33
[   ScriptRuntime] [  LOG] [07:12:46.039] [UltimateMedalsExtended]  medals [{"medal":0,"achieved":false,"achieved_time":"          0"},{"medal":1,"achieved":false,"achieved_time":"          0"},{"medal":2,"achieved":false,"achieved_time":"          0"},{"medal":3,"achieved":false,"achieved_time":"          0"},{"medal":4,"achieved":false,"achieved_time":"          0"},{"medal":5,"achieved":false,"achieved_time":"          0"}]
[   ScriptRuntime] [  LOG] [07:12:46.039] [UltimateMedalsExtended]  to C:/users/steamuser/OpenplanetNext/PluginStorage/GrindingStats/data/tjrtqANqzvTY8ncCAjnzu5JkgCi.json
[   ScriptRuntime] [ERROR] [07:12:47.128] [Gear-Change-Indicator]  DEPRECATED: Do not use the Draw namespace anymore! GetWidth and GetHeight have moved to the Display namespace.
[   ScriptRuntime] [ERROR] [07:12:47.128] [Gear-Change-Indicator]      #0  void Internal::ReportDrawSizeDeprecation() (S:/common/Trackmania/Openplanet/Scripts/Compatibility.as line 63)
[   ScriptRuntime] [ERROR] [07:12:47.128] [Gear-Change-Indicator]      #1  int Draw::GetHeight() (S:/common/Trackmania/Openplanet/Scripts/Compatibility.as line 149)
[   ScriptRuntime] [ERROR] [07:12:47.128] [Gear-Change-Indicator]      #2  void Render() (Gear-Change-Indicator.op/:/Main.as line 30)
[   ScriptRuntime] [ TRAC] [07:12:47.243] [MLHook]  MLHook preparing 8 outbound messages to ML
[   ScriptRuntime] [ TRAC] [07:12:48.379] [DiscordRivalryPing]  {"score":148377,"clubId":117364,"mapUid":"tjrtqANqzvTY8ncCAjnzu5JkgCi","position":1,"groupUid":"Personal_Best"}
[   ScriptRuntime] [  LOG] [07:12:51.050] [SplitSpeeds]  V2: Loaded splits from file, online: false, time: 148377, cp count: 11
[   ScriptRuntime] [  LOG] [07:12:51.050] [SplitSpeeds]  Map switched to tjrtqANqzvTY8ncCAjnzu5JkgCi, pb = 148377
[   ScriptRuntime] [ TRAC] [07:13:11.504] [MLFeedRaceData]  MLFeedKOs: GM change from: TM_Campaign_Local to 
[   ScriptRuntime] [  LOG] [07:13:11.504] [GrindingStats]  Saving data & stopping coroutines for map "tjrtqANqzvTY8ncCAjnzu5JkgCi"
[   ScriptRuntime] [  LOG] [07:13:11.504] [GrindingStats]  Wrote finishes 1 resets 5 time 219984 respawns 33
[   ScriptRuntime] [  LOG] [07:13:11.504] [GrindingStats]  medals [{"medal":0,"achieved":false,"achieved_time":"          0"},{"medal":1,"achieved":false,"achieved_time":"          0"},{"medal":2,"achieved":false,"achieved_time":"          0"},{"medal":3,"achieved":false,"achieved_time":"          0"},{"medal":4,"achieved":false,"achieved_time":"          0"},{"medal":5,"achieved":false,"achieved_time":"          0"}]
[   ScriptRuntime] [  LOG] [07:13:11.504] [GrindingStats]  to C:/users/steamuser/OpenplanetNext/PluginStorage/GrindingStats/data/tjrtqANqzvTY8ncCAjnzu5JkgCi.json
[   ScriptRuntime] [ TRAC] [07:13:13.697] [MLFeedRaceData]  MLFeedKOs: GM change from:  to TM_Campaign_Local
[   ScriptRuntime] [  LOG] [07:13:15.471] [GrindingStats]  Loading data & starting coroutines for map "gr7VZGZwvXqoaA0T2Zf_jplDwH2"
[   ScriptRuntime] [  LOG] [07:13:15.472] [GrindingStats]  Read finishes 4 resets 44 time 738494 respawns 44
[   ScriptRuntime] [  LOG] [07:13:15.472] [GrindingStats]  medals [{"medal":0,"achieved":true,"achieved_time":"     527430"},{"medal":1,"achieved":false,"achieved_time":"          0"},{"medal":2,"achieved":false,"achieved_time":"          0"},{"medal":3,"achieved":false,"achieved_time":"          0"},{"medal":4,"achieved":false,"achieved_time":"          0"},{"medal":5,"achieved":false,"achieved_time":"          0"}]
[   ScriptRuntime] [  LOG] [07:13:15.472] [GrindingStats]  from C:/users/steamuser/OpenplanetNext/PluginStorage/GrindingStats/data/gr7VZGZwvXqoaA0T2Zf_jplDwH2.json
[   ScriptRuntime] [  LOG] [07:13:15.898] [PluginManager]  Wrote finishes 4 resets 44 time 738494 respawns 44
[   ScriptRuntime] [  LOG] [07:13:15.898] [PluginManager]  medals [{"medal":0,"achieved":true,"achieved_time":"     527430"},{"medal":1,"achieved":false,"achieved_time":"          0"},{"medal":2,"achieved":false,"achieved_time":"          0"},{"medal":3,"achieved":false,"achieved_time":"          0"},{"medal":4,"achieved":false,"achieved_time":"          0"},{"medal":5,"achieved":false,"achieved_time":"          0"}]
[   ScriptRuntime] [  LOG] [07:13:15.898] [PluginManager]  to C:/users/steamuser/OpenplanetNext/PluginStorage/GrindingStats/data/gr7VZGZwvXqoaA0T2Zf_jplDwH2.json
[   ScriptRuntime] [ TRAC] [07:13:16.327] [MLHook]  MLHook preparing 8 outbound messages to ML
[   ScriptRuntime] [  LOG] [07:13:17.531] [SplitSpeeds]  V2: Loaded splits from file, online: false, time: 61099, cp count: 8
[   ScriptRuntime] [  LOG] [07:13:17.531] [SplitSpeeds]  Map switched to gr7VZGZwvXqoaA0T2Zf_jplDwH2, pb = 61099
[   ScriptRuntime] [ TRAC] [07:13:17.615] [DiscordRivalryPing]  {"score":61099,"clubId":117364,"mapUid":"gr7VZGZwvXqoaA0T2Zf_jplDwH2","position":1,"groupUid":"Personal_Best"}
[   ScriptRuntime] [ERROR] [07:13:19.152] [ak-hints]  DEPRECATED: Do not use the Draw namespace anymore! GetWidth and GetHeight have moved to the Display namespace.
[   ScriptRuntime] [ERROR] [07:13:19.152] [ak-hints]      #0  void Internal::ReportDrawSizeDeprecation() (S:/common/Trackmania/Openplanet/Scripts/Compatibility.as line 63)
[   ScriptRuntime] [ERROR] [07:13:19.152] [ak-hints]      #1  int Draw::GetHeight() (S:/common/Trackmania/Openplanet/Scripts/Compatibility.as line 149)
[   ScriptRuntime] [ERROR] [07:13:19.152] [ak-hints]      #2  void Render() (ak-hints.op/:/Main.as line 140)
[   ScriptRuntime] [  LOG] [07:14:35.271] [SplitSpeeds]  ToFile! time: 47530, C:/users/steamuser/OpenplanetNext/PluginStorage/SplitSpeeds/gr7VZGZwvXqoaA0T2Zf_jplDwH2.json
[   ScriptRuntime] [ TRAC] [07:14:35.904] [DiscordRivalryPing]  New PB: 61099 -> 47530
[   ScriptRuntime] [ TRAC] [07:14:37.131] [DiscordRivalryPing]  {"score":47530,"zones":[{"zoneId":"301e1b69-7e13-11e8-8060-e284abfd2bc4","zoneName":"World","ranking":{"position":13482,"length":0}},{"zoneId":"301e237a-7e13-11e8-8060-e284abfd2bc4","zoneName":"Oceania","ranking":{"position":566,"length":0}},{"zoneId":"301e2dc2-7e13-11e8-8060-e284abfd2bc4","zoneName":"Australia","ranking":{"position":453,"length":0}},{"zoneId":"301e2e52-7e13-11e8-8060-e284abfd2bc4","zoneName":"Australian Capital Territory","ranking":{"position":18,"length":0}}],"mapUid":"gr7VZGZwvXqoaA0T2Zf_jplDwH2","groupUid":"Personal_Best"}
[   ScriptRuntime] [ TRAC] [07:14:38.536] [DiscordRivalryPing]  {"score":47530,"clubId":117364,"mapUid":"gr7VZGZwvXqoaA0T2Zf_jplDwH2","position":1,"groupUid":"Personal_Best"}
[   ScriptRuntime] [ TRAC] [07:14:38.536] [DiscordRivalryPing]  Club Discord Rivalry Position: 1 -> 1
[   ScriptRuntime] [ TRAC] [07:14:39.744] [DiscordRivalryPing]  official campaign data is null or has ended, fetching new campaign data for 
[   ScriptRuntime] [ TRAC] [07:14:41.546] [DiscordRivalryPing]  Sent webhook Discord Rivalry to Discord
[        Platform] [  LOG] [07:16:06.549]  Game is cleanly shutting down
[        Platform] [  LOG] [07:16:06.549]  Saving settings
[           Audio] [  LOG] [07:16:06.549]  Shutting down audio engine
[    ScriptEngine] [  LOG] [07:16:06.557]  Stopping script engine
[    ScriptEngine] [ TRAC] [07:16:06.557]  Unloading plugin 'Plugin_MapAudioFix'
[    ScriptEngine] [ TRAC] [07:16:06.563]  Unloading plugin 'BigDecor'
[    ScriptEngine] [ TRAC] [07:16:06.575]  Unloading plugin 'Copium'
[    ScriptEngine] [ TRAC] [07:16:06.587]  Unloading plugin 'DiscordRivalryPing'
[    ScriptEngine] [ TRAC] [07:16:06.618]  Unloading plugin 'Discord'
[    ScriptEngine] [ TRAC] [07:16:06.636]  Unloading plugin 'GrindingStats'
[   ScriptRuntime] [  LOG] [07:16:06.642] [GrindingStats]  Wrote finishes 5 resets 51 time 847979 respawns 45
[   ScriptRuntime] [  LOG] [07:16:06.642] [GrindingStats]  medals [{"medal":0,"achieved":true,"achieved_time":"     527430"},{"medal":1,"achieved":true,"achieved_time":"     808544"},{"medal":2,"achieved":true,"achieved_time":"     808544"},{"medal":3,"achieved":false,"achieved_time":"          0"},{"medal":4,"achieved":false,"achieved_time":"          0"},{"medal":5,"achieved":false,"achieved_time":"          0"}]
[   ScriptRuntime] [  LOG] [07:16:06.642] [GrindingStats]  to C:/users/steamuser/OpenplanetNext/PluginStorage/GrindingStats/data/gr7VZGZwvXqoaA0T2Zf_jplDwH2.json
[    ScriptEngine] [ TRAC] [07:16:06.672]  Unloading plugin 'Gear-Change-Indicator'
[    ScriptEngine] [ TRAC] [07:16:06.680]  Unloading plugin 'PluginManager'
[    ScriptEngine] [ TRAC] [07:16:06.708]  Unloading plugin 'Controls'
[    ScriptEngine] [ TRAC] [07:16:06.713]  Unloading plugin 'WarriorMedals'
[    ScriptEngine] [ TRAC] [07:16:06.746]  Unloading plugin 'UnintrusiveCheckpointTimer'
[    ScriptEngine] [ TRAC] [07:16:06.747]  Unloading plugin 'ghosts-pp'
[    ScriptEngine] [ TRAC] [07:16:06.809]  Unloading plugin 'ChampionMedals'
[    ScriptEngine] [ TRAC] [07:16:06.837]  Unloading plugin 'ClassicMenu'
[    ScriptEngine] [ TRAC] [07:16:06.837]  Unloading plugin 'Stats'
[    ScriptEngine] [ TRAC] [07:16:06.839]  Unloading plugin 'UsefulInformation'
[    ScriptEngine] [ TRAC] [07:16:06.839]  Unloading plugin 'anyghost'
[    ScriptEngine] [ TRAC] [07:16:06.841]  Unloading plugin 'ak-hints'
[    ScriptEngine] [ TRAC] [07:16:06.844]  Unloading plugin 'InfiniteEmbedSize'
[   ScriptRuntime] [  LOG] [07:16:06.844] [InfiniteEmbedSize]  Patch reverted!
[    ScriptEngine] [ TRAC] [07:16:06.844]  Unloading plugin 'SplitSpeeds'
[    ScriptEngine] [ TRAC] [07:16:06.845]  Unloading plugin 'Finetuner'
[    ScriptEngine] [ TRAC] [07:16:06.847]  Unloading plugin 'Dashboard'
[    ScriptEngine] [ TRAC] [07:16:06.863]  Unloading plugin 'VehicleState'
[    ScriptEngine] [ TRAC] [07:16:06.864]  Unloading plugin 'EditorDeveloper'
[    ScriptEngine] [ TRAC] [07:16:06.867]  Unloading plugin 'Camera'
[    ScriptEngine] [ TRAC] [07:16:06.867]  Unloading plugin 'UltimateMedalsExtended'
[    ScriptEngine] [ TRAC] [07:16:06.877]  Unloading plugin 'MLFeedRaceData'
[   ScriptRuntime] [ TRAC] [07:16:06.877] [MLFeedRaceData]  _Unload, unloading hooks and removing injected ML
[   ScriptRuntime] [ TRAC] [07:16:06.877] [MLFeedRaceData]  UnregisteredMLHook objects (6) for types: MLHook_Event_ListUids_SliceInfo, MLHook_Event_ListUids_Pair, MLHook_Event_ListUids_Clear, MLHook_Event_ListUids_OrigMapIx, MLHook_Event_ListUids_IsReqActive, MLHook_Event_ListUids_UidsResp
[   ScriptRuntime] [ TRAC] [07:16:06.877] [MLFeedRaceData]  UnregisteredMLHook objects (9) for types: MLHook_Event_RaceStats_PlayerCP, MLHook_Event_RaceStats_PlayerLeft, MLHook_Event_RaceStats_PlayerRaceTimes, MLHook_Event_RaceStats_PlayerInfo, MLHook_Event_RaceStats_MatchKeyPair, MLHook_Event_RaceStats_COTDQualiInfo, MLHook_Event_RaceStats_LapsNb, MLHook_Event_RaceStats_Warmup, MLHook_Event_RaceStats_PlayerRaceProgression
[   ScriptRuntime] [ TRAC] [07:16:06.877] [MLFeedRaceData]  UnregisteredMLHook objects (2) for types: MLHook_Event_MLFeedKOs_PlayerStatus, MLHook_Event_MLFeedKOs_MatchKeyPair
[   ScriptRuntime] [ TRAC] [07:16:06.877] [MLFeedRaceData]  UnregisteredMLHook objects (1) for types: MLHook_Event_TeamsFeed_MatchKeyPair
[   ScriptRuntime] [ TRAC] [07:16:06.877] [MLFeedRaceData]  UnregisteredMLHook objects (1) for types: TMGame_Record_NewRecord
[   ScriptRuntime] [ TRAC] [07:16:06.877] [MLFeedRaceData]  UnregisteredMLHook objects (2) for types: MLHook_Event_GhostData, MLHook_Event_GhostData_Removed
[    ScriptEngine] [ TRAC] [07:16:06.949]  Unloading plugin 'MLHook'
[    ScriptEngine] [ TRAC] [07:16:06.959]  Unloading plugin 'NadeoServices'
[    ScriptEngine] [  LOG] [07:16:06.962]  Releasing script context
[        Platform] [  LOG] [07:16:10.480]  Saving settings
[           Audio] [  LOG] [07:16:10.480]  Shutting down audio engine
[    ScriptEngine] [  LOG] [07:16:10.480]  Stopping script engine
[    ScriptEngine] [  LOG] [07:16:10.480]  Releasing script context
[        Platform] [  LOG] [07:16:10.480]  Terminating Openplanet..
[           Audio] [  LOG] [07:16:10.480]  Shutting down audio engine
[    ScriptEngine] [ERROR] [07:16:10.480]   (0, 0) :  ERR : Object {156}. GC cannot destroy an object of type 'dictionary' as it can't see all references. Current ref count is 1.
